{"C:\\Users\\USER\\LIM013-card-validation\\src\\validator.js": {"path":"C:\\Users\\USER\\LIM013-card-validation\\src\\validator.js","statementMap":{"0":{"start":{"line":1,"column":18},"end":{"line":55,"column":1}},"1":{"start":{"line":5,"column":32},"end":{"line":5,"column":57}},"2":{"start":{"line":6,"column":2},"end":{"line":6,"column":38}},"3":{"start":{"line":8,"column":32},"end":{"line":8,"column":64}},"4":{"start":{"line":9,"column":2},"end":{"line":9,"column":38}},"5":{"start":{"line":12,"column":16},"end":{"line":12,"column":17}},"6":{"start":{"line":14,"column":3},"end":{"line":28,"column":2}},"7":{"start":{"line":14,"column":13},"end":{"line":14,"column":14}},"8":{"start":{"line":16,"column":18},"end":{"line":16,"column":53}},"9":{"start":{"line":18,"column":5},"end":{"line":25,"column":6}},"10":{"start":{"line":20,"column":9},"end":{"line":20,"column":22}},"11":{"start":{"line":22,"column":11},"end":{"line":24,"column":10}},"12":{"start":{"line":23,"column":13},"end":{"line":23,"column":26}},"13":{"start":{"line":27,"column":5},"end":{"line":27,"column":26}},"14":{"start":{"line":29,"column":1},"end":{"line":29,"column":24}},"15":{"start":{"line":31,"column":5},"end":{"line":37,"column":3}},"16":{"start":{"line":33,"column":1},"end":{"line":33,"column":13}},"17":{"start":{"line":36,"column":1},"end":{"line":36,"column":14}},"18":{"start":{"line":42,"column":16},"end":{"line":42,"column":18}},"19":{"start":{"line":43,"column":2},"end":{"line":50,"column":3}},"20":{"start":{"line":43,"column":12},"end":{"line":43,"column":13}},"21":{"start":{"line":44,"column":4},"end":{"line":49,"column":5}},"22":{"start":{"line":45,"column":6},"end":{"line":45,"column":29}},"23":{"start":{"line":47,"column":6},"end":{"line":47,"column":36}},"24":{"start":{"line":51,"column":0},"end":{"line":51,"column":22}},"25":{"start":{"line":52,"column":0},"end":{"line":52,"column":15}}},"fnMap":{"0":{"name":"(anonymous_0)","decl":{"start":{"line":3,"column":2},"end":{"line":3,"column":3}},"loc":{"start":{"line":3,"column":27},"end":{"line":38,"column":1}},"line":3},"1":{"name":"(anonymous_1)","decl":{"start":{"line":41,"column":0},"end":{"line":41,"column":1}},"loc":{"start":{"line":41,"column":17},"end":{"line":53,"column":2}},"line":41}},"branchMap":{"0":{"loc":{"start":{"line":18,"column":5},"end":{"line":25,"column":6}},"type":"if","locations":[{"start":{"line":18,"column":5},"end":{"line":25,"column":6}},{"start":{"line":18,"column":5},"end":{"line":25,"column":6}}],"line":18},"1":{"loc":{"start":{"line":22,"column":11},"end":{"line":24,"column":10}},"type":"if","locations":[{"start":{"line":22,"column":11},"end":{"line":24,"column":10}},{"start":{"line":22,"column":11},"end":{"line":24,"column":10}}],"line":22},"2":{"loc":{"start":{"line":31,"column":5},"end":{"line":37,"column":3}},"type":"if","locations":[{"start":{"line":31,"column":5},"end":{"line":37,"column":3}},{"start":{"line":31,"column":5},"end":{"line":37,"column":3}}],"line":31},"3":{"loc":{"start":{"line":44,"column":4},"end":{"line":49,"column":5}},"type":"if","locations":[{"start":{"line":44,"column":4},"end":{"line":49,"column":5}},{"start":{"line":44,"column":4},"end":{"line":49,"column":5}}],"line":44}},"s":{"0":1,"1":3,"2":3,"3":3,"4":3,"5":3,"6":3,"7":3,"8":34,"9":34,"10":16,"11":16,"12":8,"13":34,"14":3,"15":3,"16":2,"17":1,"18":3,"19":3,"20":3,"21":27,"22":18,"23":9,"24":3,"25":3},"f":{"0":3,"1":3},"b":{"0":[16,18],"1":[8,8],"2":[2,1],"3":[18,9]},"_coverageSchema":"43e27e138ebf9cfc5966b082cf9a028302ed4184","hash":"449dcac14a7125e3be31874d72282514182a4b71"}
}
