TN:
SF:C:\Users\USER\LIM013-card-validation\src\validator.js
FN:3,(anonymous_0)
FN:41,(anonymous_1)
FNF:2
FNH:2
FNDA:3,(anonymous_0)
FNDA:3,(anonymous_1)
DA:1,1
DA:5,3
DA:6,3
DA:8,3
DA:9,3
DA:12,3
DA:14,3
DA:16,34
DA:18,34
DA:20,16
DA:22,16
DA:23,8
DA:27,34
DA:29,3
DA:31,3
DA:33,2
DA:36,1
DA:42,3
DA:43,3
DA:44,27
DA:45,18
DA:47,9
DA:51,3
DA:52,3
LF:24
LH:24
BRDA:18,0,0,16
BRDA:18,0,1,18
BRDA:22,1,0,8
BRDA:22,1,1,8
BRDA:31,2,0,2
BRDA:31,2,1,1
BRDA:44,3,0,18
BRDA:44,3,1,9
BRF:8
BRH:8
end_of_record
